0 info it worked if it ends with ok
1 verbose cli [ '/Users/geotech/.meteor/packages/meteor-tool/.1.4.1_2.dwbo6g++os.osx.x86_64+web.browser+web.cordova/mt-os.osx.x86_64/dev_bundle/bin/node',
1 verbose cli   '/Users/geotech/.meteor/packages/meteor-tool/.1.4.1_2.dwbo6g++os.osx.x86_64+web.browser+web.cordova/mt-os.osx.x86_64/dev_bundle/bin/npm',
1 verbose cli   'install',
1 verbose cli   '--save',
1 verbose cli   'bcrypt' ]
2 info using npm@3.10.8
3 info using node@v4.6.0
4 silly loadCurrentTree Starting
5 silly install loadCurrentTree
6 silly install readLocalPackageData
7 silly fetchPackageMetaData bcrypt
8 silly fetchNamedPackageData bcrypt
9 silly mapToRegistry name bcrypt
10 silly mapToRegistry using default registry
11 silly mapToRegistry registry https://registry.npmjs.org/
12 silly mapToRegistry data Result {
12 silly mapToRegistry   raw: 'bcrypt',
12 silly mapToRegistry   scope: null,
12 silly mapToRegistry   escapedName: 'bcrypt',
12 silly mapToRegistry   name: 'bcrypt',
12 silly mapToRegistry   rawSpec: '',
12 silly mapToRegistry   spec: 'latest',
12 silly mapToRegistry   type: 'tag' }
13 silly mapToRegistry uri https://registry.npmjs.org/bcrypt
14 verbose request uri https://registry.npmjs.org/bcrypt
15 verbose request no auth needed
16 info attempt registry request try #1 at 3:23:57 PM
17 verbose request id a0fe021b77717294
18 http request GET https://registry.npmjs.org/bcrypt
19 http 200 https://registry.npmjs.org/bcrypt
20 verbose headers { server: 'CouchDB/1.5.0 (Erlang OTP/R16B03)',
20 verbose headers   etag: '"C732ZMNYAG6GBU1DOLULG793M"',
20 verbose headers   'content-type': 'application/json',
20 verbose headers   'content-encoding': 'gzip',
20 verbose headers   'cache-control': 'max-age=300',
20 verbose headers   'content-length': '11923',
20 verbose headers   'accept-ranges': 'bytes',
20 verbose headers   date: 'Sat, 22 Oct 2016 08:20:53 GMT',
20 verbose headers   via: '1.1 varnish',
20 verbose headers   age: '161',
20 verbose headers   connection: 'keep-alive',
20 verbose headers   'x-served-by': 'cache-sin6927-SIN',
20 verbose headers   'x-cache': 'HIT',
20 verbose headers   'x-cache-hits': '1',
20 verbose headers   'x-timer': 'S1477124453.442086,VS0,VE0',
20 verbose headers   vary: 'Accept-Encoding' }
21 silly get cb [ 200,
21 silly get   { server: 'CouchDB/1.5.0 (Erlang OTP/R16B03)',
21 silly get     etag: '"C732ZMNYAG6GBU1DOLULG793M"',
21 silly get     'content-type': 'application/json',
21 silly get     'content-encoding': 'gzip',
21 silly get     'cache-control': 'max-age=300',
21 silly get     'content-length': '11923',
21 silly get     'accept-ranges': 'bytes',
21 silly get     date: 'Sat, 22 Oct 2016 08:20:53 GMT',
21 silly get     via: '1.1 varnish',
21 silly get     age: '161',
21 silly get     connection: 'keep-alive',
21 silly get     'x-served-by': 'cache-sin6927-SIN',
21 silly get     'x-cache': 'HIT',
21 silly get     'x-cache-hits': '1',
21 silly get     'x-timer': 'S1477124453.442086,VS0,VE0',
21 silly get     vary: 'Accept-Encoding' } ]
22 verbose get saving bcrypt to /Users/geotech/.npm/registry.npmjs.org/bcrypt/.cache.json
23 verbose correctMkdir /Users/geotech/.npm correctMkdir not in flight; initializing
24 silly install normalizeTree
25 silly loadCurrentTree Finishing
26 silly loadIdealTree Starting
27 silly install loadIdealTree
28 silly cloneCurrentTree Starting
29 silly install cloneCurrentTreeToIdealTree
30 silly cloneCurrentTree Finishing
31 silly loadShrinkwrap Starting
32 silly install loadShrinkwrap
33 silly loadShrinkwrap Finishing
34 silly loadAllDepsIntoIdealTree Starting
35 silly install loadAllDepsIntoIdealTree
36 silly resolveWithNewModule bcrypt@0.8.7 checking installable status
37 silly cache add args [ 'bcrypt', null ]
38 verbose cache add spec bcrypt
39 silly cache add parsed spec Result {
39 silly cache add   raw: 'bcrypt',
39 silly cache add   scope: null,
39 silly cache add   escapedName: 'bcrypt',
39 silly cache add   name: 'bcrypt',
39 silly cache add   rawSpec: '',
39 silly cache add   spec: 'latest',
39 silly cache add   type: 'tag' }
40 silly addNamed bcrypt@latest
41 verbose addNamed "latest" is being treated as a dist-tag for bcrypt
42 info addNameTag [ 'bcrypt', 'latest' ]
43 silly mapToRegistry name bcrypt
44 silly mapToRegistry using default registry
45 silly mapToRegistry registry https://registry.npmjs.org/
46 silly mapToRegistry data Result {
46 silly mapToRegistry   raw: 'bcrypt',
46 silly mapToRegistry   scope: null,
46 silly mapToRegistry   escapedName: 'bcrypt',
46 silly mapToRegistry   name: 'bcrypt',
46 silly mapToRegistry   rawSpec: '',
46 silly mapToRegistry   spec: 'latest',
46 silly mapToRegistry   type: 'tag' }
47 silly mapToRegistry uri https://registry.npmjs.org/bcrypt
48 verbose addNameTag registry:https://registry.npmjs.org/bcrypt not in flight; fetching
49 verbose get https://registry.npmjs.org/bcrypt not expired, no request
50 silly addNameTag next cb for bcrypt with tag latest
51 silly addNamed bcrypt@0.8.7
52 verbose addNamed "0.8.7" is a plain semver version for bcrypt
53 silly mapToRegistry name bcrypt
54 silly mapToRegistry using default registry
55 silly mapToRegistry registry https://registry.npmjs.org/
56 silly mapToRegistry data Result {
56 silly mapToRegistry   raw: 'bcrypt',
56 silly mapToRegistry   scope: null,
56 silly mapToRegistry   escapedName: 'bcrypt',
56 silly mapToRegistry   name: 'bcrypt',
56 silly mapToRegistry   rawSpec: '',
56 silly mapToRegistry   spec: 'latest',
56 silly mapToRegistry   type: 'tag' }
57 silly mapToRegistry uri https://registry.npmjs.org/bcrypt
58 verbose addRemoteTarball https://registry.npmjs.org/bcrypt/-/bcrypt-0.8.7.tgz not in flight; adding
59 verbose addRemoteTarball [ 'https://registry.npmjs.org/bcrypt/-/bcrypt-0.8.7.tgz',
59 verbose addRemoteTarball   'bc3875a9afd0a7b2cd231a6a7f218a5ce156b093' ]
60 info retry fetch attempt 1 at 3:23:57 PM
61 info attempt registry request try #1 at 3:23:57 PM
62 http fetch GET https://registry.npmjs.org/bcrypt/-/bcrypt-0.8.7.tgz
63 http fetch 200 https://registry.npmjs.org/bcrypt/-/bcrypt-0.8.7.tgz
64 silly fetchAndShaCheck shasum bc3875a9afd0a7b2cd231a6a7f218a5ce156b093
65 verbose addTmpTarball /var/folders/7x/ps2g7wfs3_5b6zd30xpvxc0c0000gn/T/npm-46545-b3a7f8e9/registry.npmjs.org/bcrypt/-/bcrypt-0.8.7.tgz not in flight; adding
66 verbose addTmpTarball already have metadata; skipping unpack for bcrypt@0.8.7
67 verbose correctMkdir /Users/geotech/.npm correctMkdir not in flight; initializing
68 silly cache afterAdd bcrypt@0.8.7
69 verbose afterAdd /Users/geotech/.npm/bcrypt/0.8.7/package/package.json not in flight; writing
70 verbose correctMkdir /Users/geotech/.npm correctMkdir not in flight; initializing
71 verbose afterAdd /Users/geotech/.npm/bcrypt/0.8.7/package/package.json written
72 silly fetchNamedPackageData bindings
73 silly mapToRegistry name bindings
74 silly mapToRegistry using default registry
75 silly mapToRegistry registry https://registry.npmjs.org/
76 silly mapToRegistry data Result {
76 silly mapToRegistry   raw: 'bindings',
76 silly mapToRegistry   scope: null,
76 silly mapToRegistry   escapedName: 'bindings',
76 silly mapToRegistry   name: 'bindings',
76 silly mapToRegistry   rawSpec: '',
76 silly mapToRegistry   spec: 'latest',
76 silly mapToRegistry   type: 'tag' }
77 silly mapToRegistry uri https://registry.npmjs.org/bindings
78 silly fetchNamedPackageData nan
79 silly mapToRegistry name nan
80 silly mapToRegistry using default registry
81 silly mapToRegistry registry https://registry.npmjs.org/
82 silly mapToRegistry data Result {
82 silly mapToRegistry   raw: 'nan',
82 silly mapToRegistry   scope: null,
82 silly mapToRegistry   escapedName: 'nan',
82 silly mapToRegistry   name: 'nan',
82 silly mapToRegistry   rawSpec: '',
82 silly mapToRegistry   spec: 'latest',
82 silly mapToRegistry   type: 'tag' }
83 silly mapToRegistry uri https://registry.npmjs.org/nan
84 verbose request uri https://registry.npmjs.org/bindings
85 verbose request no auth needed
86 info attempt registry request try #1 at 3:23:57 PM
87 verbose etag "33TX4J3DNTGF7K41ZUV6OA182"
88 http request GET https://registry.npmjs.org/bindings
89 verbose request uri https://registry.npmjs.org/nan
90 verbose request no auth needed
91 info attempt registry request try #1 at 3:23:57 PM
92 verbose etag "1YJEPM5V4XH0MZT0HV3B8R9BB"
93 http request GET https://registry.npmjs.org/nan
94 http 200 https://registry.npmjs.org/bindings
95 verbose headers { server: 'CouchDB/1.5.0 (Erlang OTP/R16B03)',
95 verbose headers   etag: '"8QW29MHCPCE6VJCVI3QVXRJAQ"',
95 verbose headers   'content-type': 'application/json',
95 verbose headers   'content-encoding': 'gzip',
95 verbose headers   'cache-control': 'max-age=300',
95 verbose headers   'content-length': '3832',
95 verbose headers   'accept-ranges': 'bytes',
95 verbose headers   date: 'Sat, 22 Oct 2016 08:20:53 GMT',
95 verbose headers   via: '1.1 varnish',
95 verbose headers   age: '230',
95 verbose headers   connection: 'keep-alive',
95 verbose headers   'x-served-by': 'cache-sin6927-SIN',
95 verbose headers   'x-cache': 'HIT',
95 verbose headers   'x-cache-hits': '3',
95 verbose headers   'x-timer': 'S1477124453.814687,VS0,VE0',
95 verbose headers   vary: 'Accept-Encoding' }
96 silly get cb [ 200,
96 silly get   { server: 'CouchDB/1.5.0 (Erlang OTP/R16B03)',
96 silly get     etag: '"8QW29MHCPCE6VJCVI3QVXRJAQ"',
96 silly get     'content-type': 'application/json',
96 silly get     'content-encoding': 'gzip',
96 silly get     'cache-control': 'max-age=300',
96 silly get     'content-length': '3832',
96 silly get     'accept-ranges': 'bytes',
96 silly get     date: 'Sat, 22 Oct 2016 08:20:53 GMT',
96 silly get     via: '1.1 varnish',
96 silly get     age: '230',
96 silly get     connection: 'keep-alive',
96 silly get     'x-served-by': 'cache-sin6927-SIN',
96 silly get     'x-cache': 'HIT',
96 silly get     'x-cache-hits': '3',
96 silly get     'x-timer': 'S1477124453.814687,VS0,VE0',
96 silly get     vary: 'Accept-Encoding' } ]
97 verbose get saving bindings to /Users/geotech/.npm/registry.npmjs.org/bindings/.cache.json
98 verbose correctMkdir /Users/geotech/.npm correctMkdir not in flight; initializing
99 silly resolveWithNewModule bindings@1.2.1 checking installable status
100 silly cache add args [ 'bindings@1.2.1', null ]
101 verbose cache add spec bindings@1.2.1
102 silly cache add parsed spec Result {
102 silly cache add   raw: 'bindings@1.2.1',
102 silly cache add   scope: null,
102 silly cache add   escapedName: 'bindings',
102 silly cache add   name: 'bindings',
102 silly cache add   rawSpec: '1.2.1',
102 silly cache add   spec: '1.2.1',
102 silly cache add   type: 'version' }
103 silly addNamed bindings@1.2.1
104 verbose addNamed "1.2.1" is a plain semver version for bindings
105 silly mapToRegistry name bindings
106 silly mapToRegistry using default registry
107 silly mapToRegistry registry https://registry.npmjs.org/
108 silly mapToRegistry data Result {
108 silly mapToRegistry   raw: 'bindings',
108 silly mapToRegistry   scope: null,
108 silly mapToRegistry   escapedName: 'bindings',
108 silly mapToRegistry   name: 'bindings',
108 silly mapToRegistry   rawSpec: '',
108 silly mapToRegistry   spec: 'latest',
108 silly mapToRegistry   type: 'tag' }
109 silly mapToRegistry uri https://registry.npmjs.org/bindings
110 verbose addNameVersion registry:https://registry.npmjs.org/bindings not in flight; fetching
111 verbose get https://registry.npmjs.org/bindings not expired, no request
112 silly cache afterAdd bindings@1.2.1
113 verbose afterAdd /Users/geotech/.npm/bindings/1.2.1/package/package.json not in flight; writing
114 verbose correctMkdir /Users/geotech/.npm correctMkdir not in flight; initializing
115 verbose afterAdd /Users/geotech/.npm/bindings/1.2.1/package/package.json written
116 http 200 https://registry.npmjs.org/nan
117 verbose headers { server: 'CouchDB/1.5.0 (Erlang OTP/R16B03)',
117 verbose headers   etag: '"2QXFPVXUU9DUUTAACVV4FOU2Z"',
117 verbose headers   'content-type': 'application/json',
117 verbose headers   'content-encoding': 'gzip',
117 verbose headers   'cache-control': 'max-age=300',
117 verbose headers   'content-length': '17179',
117 verbose headers   'accept-ranges': 'bytes',
117 verbose headers   date: 'Sat, 22 Oct 2016 08:20:53 GMT',
117 verbose headers   via: '1.1 varnish',
117 verbose headers   age: '2',
117 verbose headers   connection: 'keep-alive',
117 verbose headers   'x-served-by': 'cache-sin6923-SIN',
117 verbose headers   'x-cache': 'HIT',
117 verbose headers   'x-cache-hits': '314',
117 verbose headers   'x-timer': 'S1477124453.956043,VS0,VE0',
117 verbose headers   vary: 'Accept-Encoding' }
118 silly get cb [ 200,
118 silly get   { server: 'CouchDB/1.5.0 (Erlang OTP/R16B03)',
118 silly get     etag: '"2QXFPVXUU9DUUTAACVV4FOU2Z"',
118 silly get     'content-type': 'application/json',
118 silly get     'content-encoding': 'gzip',
118 silly get     'cache-control': 'max-age=300',
118 silly get     'content-length': '17179',
118 silly get     'accept-ranges': 'bytes',
118 silly get     date: 'Sat, 22 Oct 2016 08:20:53 GMT',
118 silly get     via: '1.1 varnish',
118 silly get     age: '2',
118 silly get     connection: 'keep-alive',
118 silly get     'x-served-by': 'cache-sin6923-SIN',
118 silly get     'x-cache': 'HIT',
118 silly get     'x-cache-hits': '314',
118 silly get     'x-timer': 'S1477124453.956043,VS0,VE0',
118 silly get     vary: 'Accept-Encoding' } ]
119 verbose get saving nan to /Users/geotech/.npm/registry.npmjs.org/nan/.cache.json
120 verbose correctMkdir /Users/geotech/.npm correctMkdir not in flight; initializing
121 silly resolveWithNewModule nan@2.3.5 checking installable status
122 silly cache add args [ 'nan@2.3.5', null ]
123 verbose cache add spec nan@2.3.5
124 silly cache add parsed spec Result {
124 silly cache add   raw: 'nan@2.3.5',
124 silly cache add   scope: null,
124 silly cache add   escapedName: 'nan',
124 silly cache add   name: 'nan',
124 silly cache add   rawSpec: '2.3.5',
124 silly cache add   spec: '2.3.5',
124 silly cache add   type: 'version' }
125 silly addNamed nan@2.3.5
126 verbose addNamed "2.3.5" is a plain semver version for nan
127 silly mapToRegistry name nan
128 silly mapToRegistry using default registry
129 silly mapToRegistry registry https://registry.npmjs.org/
130 silly mapToRegistry data Result {
130 silly mapToRegistry   raw: 'nan',
130 silly mapToRegistry   scope: null,
130 silly mapToRegistry   escapedName: 'nan',
130 silly mapToRegistry   name: 'nan',
130 silly mapToRegistry   rawSpec: '',
130 silly mapToRegistry   spec: 'latest',
130 silly mapToRegistry   type: 'tag' }
131 silly mapToRegistry uri https://registry.npmjs.org/nan
132 verbose addNameVersion registry:https://registry.npmjs.org/nan not in flight; fetching
133 verbose get https://registry.npmjs.org/nan not expired, no request
134 silly mapToRegistry name nan
135 silly mapToRegistry using default registry
136 silly mapToRegistry registry https://registry.npmjs.org/
137 silly mapToRegistry data Result {
137 silly mapToRegistry   raw: 'nan',
137 silly mapToRegistry   scope: null,
137 silly mapToRegistry   escapedName: 'nan',
137 silly mapToRegistry   name: 'nan',
137 silly mapToRegistry   rawSpec: '',
137 silly mapToRegistry   spec: 'latest',
137 silly mapToRegistry   type: 'tag' }
138 silly mapToRegistry uri https://registry.npmjs.org/nan
139 verbose addRemoteTarball https://registry.npmjs.org/nan/-/nan-2.3.5.tgz not in flight; adding
140 verbose addRemoteTarball [ 'https://registry.npmjs.org/nan/-/nan-2.3.5.tgz',
140 verbose addRemoteTarball   '822a0dc266290ce4cd3a12282ca3e7e364668a08' ]
141 info retry fetch attempt 1 at 3:23:58 PM
142 info attempt registry request try #1 at 3:23:58 PM
143 http fetch GET https://registry.npmjs.org/nan/-/nan-2.3.5.tgz
144 http fetch 200 https://registry.npmjs.org/nan/-/nan-2.3.5.tgz
145 silly fetchAndShaCheck shasum 822a0dc266290ce4cd3a12282ca3e7e364668a08
146 verbose addTmpTarball /var/folders/7x/ps2g7wfs3_5b6zd30xpvxc0c0000gn/T/npm-46545-b3a7f8e9/registry.npmjs.org/nan/-/nan-2.3.5.tgz not in flight; adding
147 verbose addTmpTarball already have metadata; skipping unpack for nan@2.3.5
148 verbose correctMkdir /Users/geotech/.npm correctMkdir not in flight; initializing
149 silly cache afterAdd nan@2.3.5
150 verbose afterAdd /Users/geotech/.npm/nan/2.3.5/package/package.json not in flight; writing
151 verbose correctMkdir /Users/geotech/.npm correctMkdir not in flight; initializing
152 verbose afterAdd /Users/geotech/.npm/nan/2.3.5/package/package.json written
153 silly loadAllDepsIntoIdealTree Finishing
154 silly loadIdealTree Finishing
155 silly currentTree react-todos@
155 silly currentTree ├── asap@2.0.5
155 silly currentTree ├── core-js@1.2.7
155 silly currentTree ├── encoding@0.1.12
155 silly currentTree ├── fbjs@0.8.5
155 silly currentTree ├── iconv-lite@0.4.13
155 silly currentTree ├── immutable@3.8.1
155 silly currentTree ├── is-stream@1.1.0
155 silly currentTree ├── isomorphic-fetch@2.2.1
155 silly currentTree ├── js-tokens@1.0.3
155 silly currentTree ├── loose-envify@1.2.0
155 silly currentTree ├─┬ meteor-node-stubs@0.2.3
155 silly currentTree │ ├── assert@1.3.0
155 silly currentTree │ ├─┬ browserify-zlib@0.1.4
155 silly currentTree │ │ └── pako@0.2.8
155 silly currentTree │ ├─┬ buffer@4.5.1
155 silly currentTree │ │ ├── base64-js@1.1.2
155 silly currentTree │ │ ├── ieee754@1.1.6
155 silly currentTree │ │ └── isarray@1.0.0
155 silly currentTree │ ├─┬ console-browserify@1.1.0
155 silly currentTree │ │ └── date-now@0.1.4
155 silly currentTree │ ├── constants-browserify@1.0.0
155 silly currentTree │ ├─┬ crypto-browserify@3.11.0
155 silly currentTree │ │ ├─┬ browserify-cipher@1.0.0
155 silly currentTree │ │ │ ├─┬ browserify-aes@1.0.6
155 silly currentTree │ │ │ │ ├── buffer-xor@1.0.3
155 silly currentTree │ │ │ │ └── cipher-base@1.0.2
155 silly currentTree │ │ │ ├─┬ browserify-des@1.0.0
155 silly currentTree │ │ │ │ ├── cipher-base@1.0.2
155 silly currentTree │ │ │ │ └─┬ des.js@1.0.0
155 silly currentTree │ │ │ │   └── minimalistic-assert@1.0.0
155 silly currentTree │ │ │ └── evp_bytestokey@1.0.0
155 silly currentTree │ │ ├─┬ browserify-sign@4.0.0
155 silly currentTree │ │ │ ├── bn.js@4.11.1
155 silly currentTree │ │ │ ├── browserify-rsa@4.0.1
155 silly currentTree │ │ │ ├─┬ elliptic@6.2.3
155 silly currentTree │ │ │ │ ├── brorand@1.0.5
155 silly currentTree │ │ │ │ └── hash.js@1.0.3
155 silly currentTree │ │ │ └─┬ parse-asn1@5.0.0
155 silly currentTree │ │ │   ├─┬ asn1.js@4.5.2
155 silly currentTree │ │ │   │ └── minimalistic-assert@1.0.0
155 silly currentTree │ │ │   ├─┬ browserify-aes@1.0.6
155 silly currentTree │ │ │   │ ├── buffer-xor@1.0.3
155 silly currentTree │ │ │   │ └── cipher-base@1.0.2
155 silly currentTree │ │ │   └── evp_bytestokey@1.0.0
155 silly currentTree │ │ ├─┬ create-ecdh@4.0.0
155 silly currentTree │ │ │ ├── bn.js@4.11.1
155 silly currentTree │ │ │ └─┬ elliptic@6.2.3
155 silly currentTree │ │ │   ├── brorand@1.0.5
155 silly currentTree │ │ │   └── hash.js@1.0.3
155 silly currentTree │ │ ├─┬ create-hash@1.1.2
155 silly currentTree │ │ │ ├── cipher-base@1.0.2
155 silly currentTree │ │ │ ├── ripemd160@1.0.1
155 silly currentTree │ │ │ └── sha.js@2.4.5
155 silly currentTree │ │ ├── create-hmac@1.1.4
155 silly currentTree │ │ ├─┬ diffie-hellman@5.0.2
155 silly currentTree │ │ │ ├── bn.js@4.11.1
155 silly currentTree │ │ │ └─┬ miller-rabin@4.0.0
155 silly currentTree │ │ │   └── brorand@1.0.5
155 silly currentTree │ │ ├── inherits@2.0.1
155 silly currentTree │ │ ├── pbkdf2@3.0.4
155 silly currentTree │ │ ├─┬ public-encrypt@4.0.0
155 silly currentTree │ │ │ ├── bn.js@4.11.1
155 silly currentTree │ │ │ ├── browserify-rsa@4.0.1
155 silly currentTree │ │ │ └─┬ parse-asn1@5.0.0
155 silly currentTree │ │ │   ├─┬ asn1.js@4.5.2
155 silly currentTree │ │ │   │ └── minimalistic-assert@1.0.0
155 silly currentTree │ │ │   ├─┬ browserify-aes@1.0.6
155 silly currentTree │ │ │   │ ├── buffer-xor@1.0.3
155 silly currentTree │ │ │   │ └── cipher-base@1.0.2
155 silly currentTree │ │ │   └── evp_bytestokey@1.0.0
155 silly currentTree │ │ └── randombytes@2.0.3
155 silly currentTree │ ├── domain-browser@1.1.7
155 silly currentTree │ ├── events@1.1.0
155 silly currentTree │ ├─┬ http-browserify@1.7.0
155 silly currentTree │ │ ├── Base64@0.2.1
155 silly currentTree │ │ └── inherits@2.0.1
155 silly currentTree │ ├── https-browserify@0.0.1
155 silly currentTree │ ├── os-browserify@0.2.1
155 silly currentTree │ ├── path-browserify@0.0.0
155 silly currentTree │ ├── process@0.11.2
155 silly currentTree │ ├── punycode@1.4.1
155 silly currentTree │ ├── querystring-es3@0.2.1
155 silly currentTree │ ├─┬ readable-stream@2.0.6
155 silly currentTree │ │ ├── core-util-is@1.0.2
155 silly currentTree │ │ ├── inherits@2.0.1
155 silly currentTree │ │ ├── isarray@1.0.0
155 silly currentTree │ │ ├── process-nextick-args@1.0.6
155 silly currentTree │ │ └── util-deprecate@1.0.2
155 silly currentTree │ ├─┬ stream-browserify@2.0.1
155 silly currentTree │ │ └── inherits@2.0.1
155 silly currentTree │ ├── string_decoder@0.10.31
155 silly currentTree │ ├── timers-browserify@1.4.2
155 silly currentTree │ ├── tty-browserify@0.0.0
155 silly currentTree │ ├─┬ url@0.11.0
155 silly currentTree │ │ ├── punycode@1.3.2
155 silly currentTree │ │ └── querystring@0.2.0
155 silly currentTree │ ├─┬ util@0.10.3
155 silly currentTree │ │ └── inherits@2.0.1
155 silly currentTree │ └─┬ vm-browserify@0.0.4
155 silly currentTree │   └── indexof@0.0.1
155 silly currentTree ├── node-fetch@1.6.3
155 silly currentTree ├── object-assign@4.1.0
155 silly currentTree ├── promise@7.1.1
155 silly currentTree ├── react-addons-pure-render-mixin@15.3.2
155 silly currentTree ├── react-dom@15.3.2
155 silly currentTree ├── react@15.3.2
155 silly currentTree ├── ua-parser-js@0.7.10
155 silly currentTree └── whatwg-fetch@1.0.0
156 silly idealTree react-todos@
156 silly idealTree ├── asap@2.0.5
156 silly idealTree ├── bcrypt@0.8.7
156 silly idealTree ├── bindings@1.2.1
156 silly idealTree ├── core-js@1.2.7
156 silly idealTree ├── encoding@0.1.12
156 silly idealTree ├── fbjs@0.8.5
156 silly idealTree ├── iconv-lite@0.4.13
156 silly idealTree ├── immutable@3.8.1
156 silly idealTree ├── is-stream@1.1.0
156 silly idealTree ├── isomorphic-fetch@2.2.1
156 silly idealTree ├── js-tokens@1.0.3
156 silly idealTree ├── loose-envify@1.2.0
156 silly idealTree ├─┬ meteor-node-stubs@0.2.3
156 silly idealTree │ ├── assert@1.3.0
156 silly idealTree │ ├─┬ browserify-zlib@0.1.4
156 silly idealTree │ │ └── pako@0.2.8
156 silly idealTree │ ├─┬ buffer@4.5.1
156 silly idealTree │ │ ├── base64-js@1.1.2
156 silly idealTree │ │ ├── ieee754@1.1.6
156 silly idealTree │ │ └── isarray@1.0.0
156 silly idealTree │ ├─┬ console-browserify@1.1.0
156 silly idealTree │ │ └── date-now@0.1.4
156 silly idealTree │ ├── constants-browserify@1.0.0
156 silly idealTree │ ├─┬ crypto-browserify@3.11.0
156 silly idealTree │ │ ├─┬ browserify-cipher@1.0.0
156 silly idealTree │ │ │ ├─┬ browserify-aes@1.0.6
156 silly idealTree │ │ │ │ ├── buffer-xor@1.0.3
156 silly idealTree │ │ │ │ └── cipher-base@1.0.2
156 silly idealTree │ │ │ ├─┬ browserify-des@1.0.0
156 silly idealTree │ │ │ │ ├── cipher-base@1.0.2
156 silly idealTree │ │ │ │ └─┬ des.js@1.0.0
156 silly idealTree │ │ │ │   └── minimalistic-assert@1.0.0
156 silly idealTree │ │ │ └── evp_bytestokey@1.0.0
156 silly idealTree │ │ ├─┬ browserify-sign@4.0.0
156 silly idealTree │ │ │ ├── bn.js@4.11.1
156 silly idealTree │ │ │ ├── browserify-rsa@4.0.1
156 silly idealTree │ │ │ ├─┬ elliptic@6.2.3
156 silly idealTree │ │ │ │ ├── brorand@1.0.5
156 silly idealTree │ │ │ │ └── hash.js@1.0.3
156 silly idealTree │ │ │ └─┬ parse-asn1@5.0.0
156 silly idealTree │ │ │   ├─┬ asn1.js@4.5.2
156 silly idealTree │ │ │   │ └── minimalistic-assert@1.0.0
156 silly idealTree │ │ │   ├─┬ browserify-aes@1.0.6
156 silly idealTree │ │ │   │ ├── buffer-xor@1.0.3
156 silly idealTree │ │ │   │ └── cipher-base@1.0.2
156 silly idealTree │ │ │   └── evp_bytestokey@1.0.0
156 silly idealTree │ │ ├─┬ create-ecdh@4.0.0
156 silly idealTree │ │ │ ├── bn.js@4.11.1
156 silly idealTree │ │ │ └─┬ elliptic@6.2.3
156 silly idealTree │ │ │   ├── brorand@1.0.5
156 silly idealTree │ │ │   └── hash.js@1.0.3
156 silly idealTree │ │ ├─┬ create-hash@1.1.2
156 silly idealTree │ │ │ ├── cipher-base@1.0.2
156 silly idealTree │ │ │ ├── ripemd160@1.0.1
156 silly idealTree │ │ │ └── sha.js@2.4.5
156 silly idealTree │ │ ├── create-hmac@1.1.4
156 silly idealTree │ │ ├─┬ diffie-hellman@5.0.2
156 silly idealTree │ │ │ ├── bn.js@4.11.1
156 silly idealTree │ │ │ └─┬ miller-rabin@4.0.0
156 silly idealTree │ │ │   └── brorand@1.0.5
156 silly idealTree │ │ ├── inherits@2.0.1
156 silly idealTree │ │ ├── pbkdf2@3.0.4
156 silly idealTree │ │ ├─┬ public-encrypt@4.0.0
156 silly idealTree │ │ │ ├── bn.js@4.11.1
156 silly idealTree │ │ │ ├── browserify-rsa@4.0.1
156 silly idealTree │ │ │ └─┬ parse-asn1@5.0.0
156 silly idealTree │ │ │   ├─┬ asn1.js@4.5.2
156 silly idealTree │ │ │   │ └── minimalistic-assert@1.0.0
156 silly idealTree │ │ │   ├─┬ browserify-aes@1.0.6
156 silly idealTree │ │ │   │ ├── buffer-xor@1.0.3
156 silly idealTree │ │ │   │ └── cipher-base@1.0.2
156 silly idealTree │ │ │   └── evp_bytestokey@1.0.0
156 silly idealTree │ │ └── randombytes@2.0.3
156 silly idealTree │ ├── domain-browser@1.1.7
156 silly idealTree │ ├── events@1.1.0
156 silly idealTree │ ├─┬ http-browserify@1.7.0
156 silly idealTree │ │ ├── Base64@0.2.1
156 silly idealTree │ │ └── inherits@2.0.1
156 silly idealTree │ ├── https-browserify@0.0.1
156 silly idealTree │ ├── os-browserify@0.2.1
156 silly idealTree │ ├── path-browserify@0.0.0
156 silly idealTree │ ├── process@0.11.2
156 silly idealTree │ ├── punycode@1.4.1
156 silly idealTree │ ├── querystring-es3@0.2.1
156 silly idealTree │ ├─┬ readable-stream@2.0.6
156 silly idealTree │ │ ├── core-util-is@1.0.2
156 silly idealTree │ │ ├── inherits@2.0.1
156 silly idealTree │ │ ├── isarray@1.0.0
156 silly idealTree │ │ ├── process-nextick-args@1.0.6
156 silly idealTree │ │ └── util-deprecate@1.0.2
156 silly idealTree │ ├─┬ stream-browserify@2.0.1
156 silly idealTree │ │ └── inherits@2.0.1
156 silly idealTree │ ├── string_decoder@0.10.31
156 silly idealTree │ ├── timers-browserify@1.4.2
156 silly idealTree │ ├── tty-browserify@0.0.0
156 silly idealTree │ ├─┬ url@0.11.0
156 silly idealTree │ │ ├── punycode@1.3.2
156 silly idealTree │ │ └── querystring@0.2.0
156 silly idealTree │ ├─┬ util@0.10.3
156 silly idealTree │ │ └── inherits@2.0.1
156 silly idealTree │ └─┬ vm-browserify@0.0.4
156 silly idealTree │   └── indexof@0.0.1
156 silly idealTree ├── nan@2.3.5
156 silly idealTree ├── node-fetch@1.6.3
156 silly idealTree ├── object-assign@4.1.0
156 silly idealTree ├── promise@7.1.1
156 silly idealTree ├── react-addons-pure-render-mixin@15.3.2
156 silly idealTree ├── react-dom@15.3.2
156 silly idealTree ├── react@15.3.2
156 silly idealTree ├── ua-parser-js@0.7.10
156 silly idealTree └── whatwg-fetch@1.0.0
157 silly generateActionsToTake Starting
158 silly install generateActionsToTake
159 silly generateActionsToTake Finishing
160 silly diffTrees action count 3
161 silly diffTrees add bindings@1.2.1
162 silly diffTrees add nan@2.3.5
163 silly diffTrees add bcrypt@0.8.7
164 silly decomposeActions action count 24
165 silly decomposeActions fetch bindings@1.2.1
166 silly decomposeActions extract bindings@1.2.1
167 silly decomposeActions test bindings@1.2.1
168 silly decomposeActions preinstall bindings@1.2.1
169 silly decomposeActions build bindings@1.2.1
170 silly decomposeActions install bindings@1.2.1
171 silly decomposeActions postinstall bindings@1.2.1
172 silly decomposeActions finalize bindings@1.2.1
173 silly decomposeActions fetch nan@2.3.5
174 silly decomposeActions extract nan@2.3.5
175 silly decomposeActions test nan@2.3.5
176 silly decomposeActions preinstall nan@2.3.5
177 silly decomposeActions build nan@2.3.5
178 silly decomposeActions install nan@2.3.5
179 silly decomposeActions postinstall nan@2.3.5
180 silly decomposeActions finalize nan@2.3.5
181 silly decomposeActions fetch bcrypt@0.8.7
182 silly decomposeActions extract bcrypt@0.8.7
183 silly decomposeActions test bcrypt@0.8.7
184 silly decomposeActions preinstall bcrypt@0.8.7
185 silly decomposeActions build bcrypt@0.8.7
186 silly decomposeActions install bcrypt@0.8.7
187 silly decomposeActions postinstall bcrypt@0.8.7
188 silly decomposeActions finalize bcrypt@0.8.7
189 silly runTopLevelLifecycles Starting
190 silly executeActions Starting
191 silly install executeActions
192 silly doSerial global-install 0
193 silly doParallel fetch 3
194 verbose correctMkdir /Users/geotech/.npm/_locks correctMkdir not in flight; initializing
195 verbose lock using /Users/geotech/.npm/_locks/staging-413e7557f4e29415.lock for /Users/geotech/Learn/Udemy/MeteorAndReact/react-todos/node_modules/.staging
196 silly doParallel extract 3
197 silly extract bindings@1.2.1
198 silly extract nan@2.3.5
199 silly extract bcrypt@0.8.7
200 verbose unbuild node_modules/.staging/bindings-6ff98d1a
201 verbose unbuild node_modules/.staging/nan-88d56cf9
202 verbose unbuild node_modules/.staging/bcrypt-1e8eb35e
203 silly gentlyRm /Users/geotech/Learn/Udemy/MeteorAndReact/react-todos/node_modules/.staging/bindings-6ff98d1a is being purged from base /Users/geotech/Learn/Udemy/MeteorAndReact/react-todos
204 verbose gentlyRm don't care about contents; nuking /Users/geotech/Learn/Udemy/MeteorAndReact/react-todos/node_modules/.staging/bindings-6ff98d1a
205 silly gentlyRm /Users/geotech/Learn/Udemy/MeteorAndReact/react-todos/node_modules/.staging/nan-88d56cf9 is being purged from base /Users/geotech/Learn/Udemy/MeteorAndReact/react-todos
206 verbose gentlyRm don't care about contents; nuking /Users/geotech/Learn/Udemy/MeteorAndReact/react-todos/node_modules/.staging/nan-88d56cf9
207 silly gentlyRm /Users/geotech/Learn/Udemy/MeteorAndReact/react-todos/node_modules/.staging/bcrypt-1e8eb35e is being purged from base /Users/geotech/Learn/Udemy/MeteorAndReact/react-todos
208 verbose gentlyRm don't care about contents; nuking /Users/geotech/Learn/Udemy/MeteorAndReact/react-todos/node_modules/.staging/bcrypt-1e8eb35e
209 verbose tar unpack /Users/geotech/.npm/bindings/1.2.1/package.tgz
210 verbose tar unpacking to /Users/geotech/Learn/Udemy/MeteorAndReact/react-todos/node_modules/.staging/bindings-6ff98d1a
211 silly gentlyRm /Users/geotech/Learn/Udemy/MeteorAndReact/react-todos/node_modules/.staging/bindings-6ff98d1a is being purged
212 verbose gentlyRm don't care about contents; nuking /Users/geotech/Learn/Udemy/MeteorAndReact/react-todos/node_modules/.staging/bindings-6ff98d1a
213 verbose tar unpack /Users/geotech/.npm/nan/2.3.5/package.tgz
214 verbose tar unpacking to /Users/geotech/Learn/Udemy/MeteorAndReact/react-todos/node_modules/.staging/nan-88d56cf9
215 silly gentlyRm /Users/geotech/Learn/Udemy/MeteorAndReact/react-todos/node_modules/.staging/nan-88d56cf9 is being purged
216 verbose gentlyRm don't care about contents; nuking /Users/geotech/Learn/Udemy/MeteorAndReact/react-todos/node_modules/.staging/nan-88d56cf9
217 verbose tar unpack /Users/geotech/.npm/bcrypt/0.8.7/package.tgz
218 verbose tar unpacking to /Users/geotech/Learn/Udemy/MeteorAndReact/react-todos/node_modules/.staging/bcrypt-1e8eb35e
219 silly gentlyRm /Users/geotech/Learn/Udemy/MeteorAndReact/react-todos/node_modules/.staging/bcrypt-1e8eb35e is being purged
220 verbose gentlyRm don't care about contents; nuking /Users/geotech/Learn/Udemy/MeteorAndReact/react-todos/node_modules/.staging/bcrypt-1e8eb35e
221 silly gunzTarPerm modes [ '755', '644' ]
222 silly gunzTarPerm modes [ '755', '644' ]
223 silly gunzTarPerm modes [ '755', '644' ]
224 silly gunzTarPerm extractEntry package.json
225 silly gunzTarPerm extractEntry package.json
226 silly gunzTarPerm modified mode [ 'package.json', 436, 420 ]
227 silly gunzTarPerm extractEntry package.json
228 silly gunzTarPerm extractEntry README.md
229 silly gunzTarPerm extractEntry bindings.js
230 silly gunzTarPerm extractEntry README.md
231 silly gunzTarPerm modified mode [ 'README.md', 436, 420 ]
232 silly gunzTarPerm extractEntry include_dirs.js
233 silly gunzTarPerm modified mode [ 'include_dirs.js', 436, 420 ]
234 silly gunzTarPerm extractEntry .npmignore
235 silly gunzTarPerm extractEntry README.md
236 silly gunzTarPerm extractEntry nan_converters.h
237 silly gunzTarPerm modified mode [ 'nan_converters.h', 436, 420 ]
238 silly gunzTarPerm extractEntry LICENSE.md
239 silly gunzTarPerm modified mode [ 'LICENSE.md', 436, 420 ]
240 silly gunzTarPerm extractEntry doc/node_misc.md
241 silly gunzTarPerm modified mode [ 'doc/node_misc.md', 436, 420 ]
242 silly gunzTarPerm extractEntry LICENSE
243 silly gunzTarPerm extractEntry bcrypt.js
244 silly gunzTarPerm extractEntry Makefile
245 silly gunzTarPerm extractEntry .travis.yml
246 silly gunzTarPerm extractEntry CHANGELOG.md
247 silly gunzTarPerm extractEntry binding.gyp
248 silly gunzTarPerm extractEntry examples/async_compare.js
249 silly gunzTarPerm extractEntry examples/forever_gen_salt.js
250 silly gunzTarPerm extractEntry test/async.js
251 silly gunzTarPerm extractEntry test/repetitions.js
252 silly gunzTarPerm extractEntry test/sync.js
253 silly gunzTarPerm extractEntry ISSUE_TEMPLATE.md
254 silly gunzTarPerm extractEntry src/bcrypt.cc
255 silly gunzTarPerm extractEntry src/bcrypt_node.cc
256 silly gunzTarPerm extractEntry src/blowfish.cc
257 silly gunzTarPerm extractEntry src/node_blf.h
258 silly gunzTarPerm extractEntry werker.yml
259 silly gunzTarPerm extractEntry doc/asyncworker.md
260 silly gunzTarPerm modified mode [ 'doc/asyncworker.md', 436, 420 ]
261 silly gunzTarPerm extractEntry doc/callback.md
262 silly gunzTarPerm modified mode [ 'doc/callback.md', 436, 420 ]
263 silly gunzTarPerm extractEntry doc/converters.md
264 silly gunzTarPerm modified mode [ 'doc/converters.md', 436, 420 ]
265 silly gunzTarPerm extractEntry doc/errors.md
266 silly gunzTarPerm modified mode [ 'doc/errors.md', 436, 420 ]
267 silly gunzTarPerm extractEntry doc/maybe_types.md
268 silly gunzTarPerm modified mode [ 'doc/maybe_types.md', 436, 420 ]
269 silly gunzTarPerm extractEntry doc/methods.md
270 silly gunzTarPerm modified mode [ 'doc/methods.md', 436, 420 ]
271 silly gunzTarPerm extractEntry doc/new.md
272 silly gunzTarPerm modified mode [ 'doc/new.md', 436, 420 ]
273 silly gentlyRm /Users/geotech/Learn/Udemy/MeteorAndReact/react-todos/node_modules/.staging/bindings-6ff98d1a/node_modules is being purged
274 verbose gentlyRm don't care about contents; nuking /Users/geotech/Learn/Udemy/MeteorAndReact/react-todos/node_modules/.staging/bindings-6ff98d1a/node_modules
275 silly gunzTarPerm extractEntry doc/buffers.md
276 silly gunzTarPerm modified mode [ 'doc/buffers.md', 436, 420 ]
277 silly gunzTarPerm extractEntry doc/object_wrappers.md
278 silly gunzTarPerm modified mode [ 'doc/object_wrappers.md', 436, 420 ]
279 silly gunzTarPerm extractEntry doc/persistent.md
280 silly gunzTarPerm modified mode [ 'doc/persistent.md', 436, 420 ]
281 silly gunzTarPerm extractEntry doc/scopes.md
282 silly gunzTarPerm modified mode [ 'doc/scopes.md', 436, 420 ]
283 silly gunzTarPerm extractEntry doc/script.md
284 silly gunzTarPerm modified mode [ 'doc/script.md', 436, 420 ]
285 silly gunzTarPerm extractEntry doc/string_bytes.md
286 silly gunzTarPerm modified mode [ 'doc/string_bytes.md', 436, 420 ]
287 silly gunzTarPerm extractEntry doc/v8_internals.md
288 silly gunzTarPerm modified mode [ 'doc/v8_internals.md', 436, 420 ]
289 silly gunzTarPerm extractEntry doc/v8_misc.md
290 silly gunzTarPerm modified mode [ 'doc/v8_misc.md', 436, 420 ]
291 silly gunzTarPerm extractEntry nan.h
292 silly gunzTarPerm modified mode [ 'nan.h', 436, 420 ]
293 silly gunzTarPerm extractEntry nan_callbacks.h
294 silly gunzTarPerm modified mode [ 'nan_callbacks.h', 436, 420 ]
295 silly gunzTarPerm extractEntry nan_callbacks_12_inl.h
296 silly gunzTarPerm modified mode [ 'nan_callbacks_12_inl.h', 436, 420 ]
297 silly gunzTarPerm extractEntry nan_callbacks_pre_12_inl.h
298 silly gunzTarPerm modified mode [ 'nan_callbacks_pre_12_inl.h', 436, 420 ]
299 silly gunzTarPerm extractEntry nan_converters_43_inl.h
300 silly gunzTarPerm modified mode [ 'nan_converters_43_inl.h', 436, 420 ]
301 silly gunzTarPerm extractEntry nan_converters_pre_43_inl.h
302 silly gunzTarPerm modified mode [ 'nan_converters_pre_43_inl.h', 436, 420 ]
303 silly gunzTarPerm extractEntry nan_implementation_12_inl.h
304 silly gunzTarPerm modified mode [ 'nan_implementation_12_inl.h', 436, 420 ]
305 silly gunzTarPerm extractEntry nan_implementation_pre_12_inl.h
306 silly gunzTarPerm modified mode [ 'nan_implementation_pre_12_inl.h', 436, 420 ]
307 silly gunzTarPerm extractEntry nan_maybe_43_inl.h
308 silly gunzTarPerm modified mode [ 'nan_maybe_43_inl.h', 436, 420 ]
309 silly gunzTarPerm extractEntry nan_maybe_pre_43_inl.h
310 silly gunzTarPerm modified mode [ 'nan_maybe_pre_43_inl.h', 436, 420 ]
311 silly gunzTarPerm extractEntry nan_new.h
312 silly gunzTarPerm modified mode [ 'nan_new.h', 436, 420 ]
313 silly gunzTarPerm extractEntry nan_object_wrap.h
314 silly gunzTarPerm modified mode [ 'nan_object_wrap.h', 436, 420 ]
315 silly gunzTarPerm extractEntry nan_persistent_12_inl.h
316 silly gunzTarPerm modified mode [ 'nan_persistent_12_inl.h', 436, 420 ]
317 silly gunzTarPerm extractEntry nan_persistent_pre_12_inl.h
318 silly gunzTarPerm modified mode [ 'nan_persistent_pre_12_inl.h', 436, 420 ]
319 silly gunzTarPerm extractEntry nan_string_bytes.h
320 silly gunzTarPerm modified mode [ 'nan_string_bytes.h', 436, 420 ]
321 silly gunzTarPerm extractEntry nan_typedarray_contents.h
322 silly gunzTarPerm modified mode [ 'nan_typedarray_contents.h', 436, 420 ]
323 silly gunzTarPerm extractEntry nan_weak.h
324 silly gunzTarPerm modified mode [ 'nan_weak.h', 436, 420 ]
325 silly gunzTarPerm extractEntry CHANGELOG.md
326 silly gunzTarPerm modified mode [ 'CHANGELOG.md', 436, 420 ]
327 silly gunzTarPerm extractEntry tools/package.json
328 silly gunzTarPerm modified mode [ 'tools/package.json', 436, 420 ]
329 silly gunzTarPerm extractEntry tools/README.md
330 silly gunzTarPerm modified mode [ 'tools/README.md', 436, 420 ]
331 silly gunzTarPerm extractEntry tools/1to2.js
332 silly gunzTarPerm modified mode [ 'tools/1to2.js', 509, 493 ]
333 silly gentlyRm /Users/geotech/Learn/Udemy/MeteorAndReact/react-todos/node_modules/.staging/bcrypt-1e8eb35e/node_modules is being purged
334 verbose gentlyRm don't care about contents; nuking /Users/geotech/Learn/Udemy/MeteorAndReact/react-todos/node_modules/.staging/bcrypt-1e8eb35e/node_modules
335 silly gentlyRm /Users/geotech/Learn/Udemy/MeteorAndReact/react-todos/node_modules/.staging/nan-88d56cf9/node_modules is being purged
336 verbose gentlyRm don't care about contents; nuking /Users/geotech/Learn/Udemy/MeteorAndReact/react-todos/node_modules/.staging/nan-88d56cf9/node_modules
337 silly doParallel preinstall 3
338 silly preinstall bindings@1.2.1 /Users/geotech/Learn/Udemy/MeteorAndReact/react-todos/node_modules/.staging/bindings-6ff98d1a
339 info lifecycle bindings@1.2.1~preinstall: bindings@1.2.1
340 silly preinstall nan@2.3.5 /Users/geotech/Learn/Udemy/MeteorAndReact/react-todos/node_modules/.staging/nan-88d56cf9
341 info lifecycle nan@2.3.5~preinstall: nan@2.3.5
342 silly preinstall bcrypt@0.8.7 /Users/geotech/Learn/Udemy/MeteorAndReact/react-todos/node_modules/.staging/bcrypt-1e8eb35e
343 info lifecycle bcrypt@0.8.7~preinstall: bcrypt@0.8.7
344 silly lifecycle bindings@1.2.1~preinstall: no script for preinstall, continuing
345 silly lifecycle nan@2.3.5~preinstall: no script for preinstall, continuing
346 silly lifecycle bcrypt@0.8.7~preinstall: no script for preinstall, continuing
347 silly doReverseSerial remove 0
348 silly doSerial move 0
349 silly doSerial finalize 3
350 silly finalize /Users/geotech/Learn/Udemy/MeteorAndReact/react-todos/node_modules/bindings
351 silly finalize /Users/geotech/Learn/Udemy/MeteorAndReact/react-todos/node_modules/nan
352 silly finalize /Users/geotech/Learn/Udemy/MeteorAndReact/react-todos/node_modules/bcrypt
353 silly doSerial build 3
354 silly build bindings@1.2.1
355 info linkStuff bindings@1.2.1
356 silly linkStuff bindings@1.2.1 has /Users/geotech/Learn/Udemy/MeteorAndReact/react-todos/node_modules as its parent node_modules
357 verbose linkBins bindings@1.2.1
358 verbose linkMans bindings@1.2.1
359 silly build nan@2.3.5
360 info linkStuff nan@2.3.5
361 silly linkStuff nan@2.3.5 has /Users/geotech/Learn/Udemy/MeteorAndReact/react-todos/node_modules as its parent node_modules
362 verbose linkBins nan@2.3.5
363 verbose linkMans nan@2.3.5
364 silly build bcrypt@0.8.7
365 info linkStuff bcrypt@0.8.7
366 silly linkStuff bcrypt@0.8.7 has /Users/geotech/Learn/Udemy/MeteorAndReact/react-todos/node_modules as its parent node_modules
367 verbose linkBins bcrypt@0.8.7
368 verbose linkMans bcrypt@0.8.7
369 silly doSerial global-link 0
370 silly doParallel update-linked 0
371 silly doSerial install 3
372 silly install bindings@1.2.1 /Users/geotech/Learn/Udemy/MeteorAndReact/react-todos/node_modules/.staging/bindings-6ff98d1a
373 info lifecycle bindings@1.2.1~install: bindings@1.2.1
374 silly lifecycle bindings@1.2.1~install: no script for install, continuing
375 silly install nan@2.3.5 /Users/geotech/Learn/Udemy/MeteorAndReact/react-todos/node_modules/.staging/nan-88d56cf9
376 info lifecycle nan@2.3.5~install: nan@2.3.5
377 silly lifecycle nan@2.3.5~install: no script for install, continuing
378 silly install bcrypt@0.8.7 /Users/geotech/Learn/Udemy/MeteorAndReact/react-todos/node_modules/.staging/bcrypt-1e8eb35e
379 info lifecycle bcrypt@0.8.7~install: bcrypt@0.8.7
380 verbose lifecycle bcrypt@0.8.7~install: unsafe-perm in lifecycle true
381 verbose lifecycle bcrypt@0.8.7~install: PATH: /Users/geotech/.meteor/packages/meteor-tool/.1.4.1_2.dwbo6g++os.osx.x86_64+web.browser+web.cordova/mt-os.osx.x86_64/dev_bundle/lib/node_modules/npm/bin/node-gyp-bin:/Users/geotech/Learn/Udemy/MeteorAndReact/react-todos/node_modules/bcrypt/node_modules/.bin:/Users/geotech/Learn/Udemy/MeteorAndReact/react-todos/node_modules/.bin:/Users/geotech/.meteor/packages/meteor-tool/.1.4.1_2.dwbo6g++os.osx.x86_64+web.browser+web.cordova/mt-os.osx.x86_64/dev_bundle/bin:/Users/geotech/.meteor/packages/meteor-tool/.1.4.1_2.dwbo6g++os.osx.x86_64+web.browser+web.cordova/mt-os.osx.x86_64/dev_bundle/lib/node_modules/.bin:/usr/local/bin:/opt/local/bin:/opt/local/sbin:/Users/geotech/CustomLib/mongodb-osx-x86_64-3.0.3/bin:/Library/Frameworks/Python.framework/Versions/3.4/bin:/usr/local/bin:/usr/bin:/bin:/usr/sbin:/sbin:/opt/X11/bin:/Users/geotech/Library/Android/sdk/tools:/Users/geotech/Library/Android/sdk/platform-tools:/Users/geotech/Library/Android/android-ndk-r9d:/Users/geotech/Library/Adobe/AIR23/bin:/Users/geotech/bin:/Users/geotech/sbin:/usr/local/mysql-5.7.10-osx10.9-x86_64/bin:/Users/geotech/KennyScripts/for_checking_log/:/Users/geotech/KennyScripts/for_pibeacon/:/Users/geotech/KennyScripts/for_json_log_indoor/
382 verbose lifecycle bcrypt@0.8.7~install: CWD: /Users/geotech/Learn/Udemy/MeteorAndReact/react-todos/node_modules/bcrypt
383 silly lifecycle bcrypt@0.8.7~install: Args: [ '-c', 'node-gyp rebuild' ]
384 silly lifecycle bcrypt@0.8.7~install: Returned: code: 1  signal: null
385 info lifecycle bcrypt@0.8.7~install: Failed to exec install script
386 verbose unlock done using /Users/geotech/.npm/_locks/staging-413e7557f4e29415.lock for /Users/geotech/Learn/Udemy/MeteorAndReact/react-todos/node_modules/.staging
387 silly rollbackFailedOptional Starting
388 silly rollbackFailedOptional Finishing
389 silly runTopLevelLifecycles Finishing
390 silly install printInstalled
391 verbose stack Error: bcrypt@0.8.7 install: `node-gyp rebuild`
391 verbose stack Exit status 1
391 verbose stack     at EventEmitter.<anonymous> (/Users/geotech/.meteor/packages/meteor-tool/.1.4.1_2.dwbo6g++os.osx.x86_64+web.browser+web.cordova/mt-os.osx.x86_64/dev_bundle/lib/node_modules/npm/lib/utils/lifecycle.js:255:16)
391 verbose stack     at emitTwo (events.js:87:13)
391 verbose stack     at EventEmitter.emit (events.js:172:7)
391 verbose stack     at ChildProcess.<anonymous> (/Users/geotech/.meteor/packages/meteor-tool/.1.4.1_2.dwbo6g++os.osx.x86_64+web.browser+web.cordova/mt-os.osx.x86_64/dev_bundle/lib/node_modules/npm/lib/utils/spawn.js:40:14)
391 verbose stack     at emitTwo (events.js:87:13)
391 verbose stack     at ChildProcess.emit (events.js:172:7)
391 verbose stack     at maybeClose (internal/child_process.js:829:16)
391 verbose stack     at Process.ChildProcess._handle.onexit (internal/child_process.js:211:5)
392 verbose pkgid bcrypt@0.8.7
393 verbose cwd /Users/geotech/Learn/Udemy/MeteorAndReact/react-todos
394 error Darwin 15.6.0
395 error argv "/Users/geotech/.meteor/packages/meteor-tool/.1.4.1_2.dwbo6g++os.osx.x86_64+web.browser+web.cordova/mt-os.osx.x86_64/dev_bundle/bin/node" "/Users/geotech/.meteor/packages/meteor-tool/.1.4.1_2.dwbo6g++os.osx.x86_64+web.browser+web.cordova/mt-os.osx.x86_64/dev_bundle/bin/npm" "install" "--save" "bcrypt"
396 error node v4.6.0
397 error npm  v3.10.8
398 error code ELIFECYCLE
399 error bcrypt@0.8.7 install: `node-gyp rebuild`
399 error Exit status 1
400 error Failed at the bcrypt@0.8.7 install script 'node-gyp rebuild'.
400 error Make sure you have the latest version of node.js and npm installed.
400 error If you do, this is most likely a problem with the bcrypt package,
400 error not with npm itself.
400 error Tell the author that this fails on your system:
400 error     node-gyp rebuild
400 error You can get information on how to open an issue for this project with:
400 error     npm bugs bcrypt
400 error Or if that isn't available, you can get their info via:
400 error     npm owner ls bcrypt
400 error There is likely additional logging output above.
401 verbose exit [ 1, true ]
